1000it [01:28, 11.36it/s]
class400_result: tensor([0, 0, 4, 0, 0, 0, 8, 0, 6, 1, 0, 0, 2, 2, 0, 0, 8, 0, 0, 0, 0, 0, 0, 0,
        0, 0, 0, 2, 2, 0, 0, 2, 0, 6, 0, 0, 8, 0, 0, 8, 0, 0, 9, 0, 0, 2, 7, 0,
        0, 6, 0, 0, 0, 0, 0, 4, 8, 0, 2, 0, 0, 0, 0, 0, 2, 0, 0, 0, 0, 8, 0, 0,
        0, 8, 4, 0, 0, 9, 0, 0, 0, 2, 0, 0, 8, 8, 8, 0, 0, 0, 0, 0, 8, 0, 0, 2,
        0, 0, 3, 2, 0, 0, 0, 0, 1, 0, 8, 0, 0, 0, 0, 0, 0, 0, 2, 8, 0, 0, 0, 4,
        0, 0, 4, 0, 2, 2, 8, 0, 0, 4, 0, 0, 0, 0, 2, 0, 2, 0, 8, 0, 8, 0, 0, 2,
        8, 8, 0, 0, 0, 0, 1, 0, 0, 0, 0, 0, 0, 0, 0, 0, 0, 2, 4, 0, 0, 0, 0, 0,
        0, 8, 0, 0, 0, 0, 0, 0, 0, 0, 8, 0, 2, 0, 8, 0, 0, 0, 9, 0, 0, 0, 0, 1,
        8, 0, 9, 0, 0, 3, 0, 0, 0, 0, 0, 0, 0, 9, 0, 2, 0, 0, 0, 0, 0, 0, 0, 0,
        0, 0, 0, 8, 0, 0, 0, 2, 0, 0, 0, 0, 0, 0, 0, 0, 0, 0, 0, 2, 0, 0, 3, 0,
        0, 0, 2, 0, 0, 0, 0, 4, 0, 0, 0, 0, 0, 8, 0, 0, 0, 8, 0, 0, 9, 0, 0, 2,
        0, 0, 4, 8, 0, 8, 9, 0, 6, 0, 0, 0, 0, 0, 2, 0, 0, 0, 0, 0, 0, 0, 0, 0,
        0, 0, 5, 0, 8, 0, 0, 0, 3, 2, 0, 0, 9, 0, 0, 0, 0, 0, 0, 8, 0, 2, 0, 8,
        0, 0, 0, 0, 2, 0, 0, 0, 0, 0, 8, 8, 0, 0, 0, 9, 0, 0, 2, 2, 2, 0, 8, 0,
        2, 0, 0, 0, 0, 0, 8, 2, 0, 0, 0, 6, 0, 2, 0, 0, 0, 0, 0, 0, 0, 0, 0, 0,
        0, 0, 0, 0, 0, 5, 0, 0, 2, 0, 0, 0, 0, 2, 8, 0, 0, 3, 0, 0, 2, 0, 7, 3,
        0, 0, 0, 0, 0, 7, 0, 0, 0, 8, 8, 2, 0, 9, 0, 0, 0, 0, 0, 0, 2, 0, 0, 1,
        2, 0, 0, 0, 0, 0, 1, 0, 0, 0, 0, 9, 0, 0, 0, 0, 0, 0, 0, 8, 0, 0, 0, 0,
        2, 0, 0, 0, 0, 0, 0, 0, 4, 0, 0, 0, 6, 8, 4, 0, 9, 0, 0, 0, 2, 0, 0, 0,
        0, 3, 6, 0, 0, 8, 0, 0, 3, 4, 8, 0, 0, 0, 8, 0, 0, 0, 0, 0, 0, 0, 0, 7,
        0, 0, 8, 6, 8, 8, 3, 0, 0, 0, 2, 0, 0, 0, 0, 0, 6, 0, 8, 0])
top1_accuracy: 71.4
top5_accuracy: 94.6
mean_probability: 0.5678183197975158
1000it [01:27, 11.40it/s]
class400_result: tensor([1, 1, 5, 9, 1, 1, 1, 9, 1, 1, 1, 9, 1, 8, 9, 1, 1, 1, 1, 1, 6, 1, 0, 1,
        1, 1, 0, 6, 1, 6, 1, 1, 1, 1, 1, 1, 9, 1, 1, 9, 1, 1, 1, 9, 1, 1, 1, 1,
        1, 1, 9, 1, 1, 9, 1, 1, 1, 1, 1, 9, 9, 1, 1, 1, 1, 1, 1, 9, 1, 1, 1, 0,
        1, 1, 1, 1, 1, 1, 1, 1, 1, 1, 1, 6, 1, 8, 1, 1, 1, 1, 1, 0, 1, 8, 1, 1,
        1, 1, 0, 9, 1, 1, 1, 8, 1, 1, 3, 1, 1, 1, 1, 1, 9, 9, 1, 1, 1, 1, 1, 1,
        8, 1, 1, 1, 6, 1, 1, 1, 1, 1, 6, 1, 1, 1, 1, 1, 9, 1, 1, 1, 1, 1, 1, 1,
        5, 1, 8, 1, 1, 1, 9, 1, 1, 1, 1, 1, 1, 1, 0, 1, 1, 8, 0, 1, 1, 1, 1, 1,
        1, 1, 1, 1, 1, 9, 1, 8, 1, 1, 1, 1, 1, 1, 1, 6, 1, 1, 1, 1, 1, 8, 8, 1,
        1, 9, 1, 9, 1, 8, 1, 1, 1, 1, 1, 6, 5, 8, 1, 1, 1, 9, 8, 1, 3, 1, 1, 1,
        1, 9, 9, 1, 1, 1, 9, 1, 1, 1, 1, 1, 1, 9, 1, 1, 9, 8, 1, 9, 1, 1, 1, 1,
        1, 1, 1, 1, 1, 9, 1, 1, 1, 1, 1, 9, 1, 1, 1, 1, 6, 1, 1, 1, 1, 1, 1, 1,
        1, 1, 1, 1, 1, 1, 1, 1, 1, 1, 1, 1, 1, 9, 1, 1, 1, 1, 9, 1, 1, 1, 1, 9,
        1, 1, 8, 1, 1, 8, 3, 3, 1, 0, 9, 1, 1, 1, 1, 1, 9, 1, 1, 4, 9, 6, 1, 1,
        1, 1, 1, 1, 1, 1, 1, 1, 1, 1, 1, 0, 1, 0, 1, 1, 1, 1, 5, 1, 1, 9, 0, 1,
        1, 1, 1, 1, 9, 1, 1, 1, 0, 1, 1, 1, 8, 1, 1, 1, 0, 1, 1, 1, 1, 1, 1, 9,
        1, 1, 1, 1, 1, 1, 1, 1, 1, 1, 8, 8, 0, 8, 1, 1, 1, 1, 9, 1, 9, 1, 6, 1,
        9, 1, 1, 9, 1, 1, 1, 1, 6, 1, 1, 1, 1, 9, 5, 1, 1, 8, 1, 1, 1, 1, 1, 1,
        1, 1, 1, 1, 1, 1, 9, 1, 9, 1, 1, 1, 1, 9, 1, 1, 0, 9, 1, 1, 9, 1, 1, 1,
        1, 1, 1, 1, 9, 1, 1, 1, 1, 3, 1, 1, 1, 1, 9, 1, 1, 1, 8, 9, 1, 1, 1, 1,
        1, 1, 1, 1, 1, 8, 0, 1, 1, 9, 1, 1, 1, 1, 1, 1, 1, 1, 1, 1, 1, 9, 8, 1,
        1, 1, 3, 1, 0, 9, 8, 1, 1, 1, 1, 1, 8, 1, 1, 9, 1, 1, 1, 9])
top1_accuracy: 75.4
top5_accuracy: 94.6
mean_probability: 0.6189050912857056
1000it [01:27, 11.37it/s]
class400_result: tensor([2, 2, 6, 2, 2, 2, 6, 3, 2, 2, 3, 2, 6, 2, 2, 0, 4, 2, 0, 3, 2, 2, 2, 2,
        2, 2, 2, 4, 2, 2, 3, 6, 6, 2, 2, 2, 2, 6, 0, 6, 2, 3, 2, 2, 2, 3, 6, 2,
        2, 7, 2, 2, 4, 2, 2, 2, 2, 2, 0, 2, 2, 6, 2, 2, 2, 2, 2, 2, 6, 3, 3, 2,
        2, 2, 2, 2, 3, 2, 2, 2, 2, 2, 4, 4, 2, 6, 2, 0, 0, 2, 4, 2, 2, 6, 2, 2,
        2, 2, 2, 2, 2, 2, 2, 2, 2, 7, 2, 2, 2, 6, 2, 4, 2, 2, 2, 2, 0, 2, 6, 2,
        2, 4, 4, 2, 2, 2, 2, 2, 2, 2, 4, 7, 4, 6, 2, 6, 8, 3, 2, 2, 2, 7, 0, 2,
        2, 0, 2, 2, 3, 2, 0, 2, 2, 2, 6, 0, 3, 3, 2, 3, 6, 2, 6, 4, 2, 2, 2, 4,
        2, 4, 2, 4, 4, 2, 2, 8, 4, 2, 2, 4, 4, 2, 2, 2, 0, 2, 6, 2, 2, 0, 2, 2,
        3, 6, 2, 2, 2, 4, 2, 2, 5, 2, 2, 6, 2, 2, 2, 3, 4, 2, 3, 2, 2, 2, 2, 2,
        2, 2, 2, 2, 2, 4, 1, 0, 2, 2, 2, 2, 2, 2, 2, 2, 2, 6, 2, 2, 2, 5, 2, 6,
        2, 4, 2, 6, 4, 6, 2, 6, 6, 2, 3, 2, 5, 2, 2, 4, 2, 2, 6, 2, 2, 2, 2, 2,
        2, 2, 2, 7, 2, 2, 4, 0, 2, 2, 2, 2, 2, 6, 3, 6, 2, 2, 2, 2, 4, 0, 2, 5,
        2, 2, 2, 5, 2, 6, 4, 2, 4, 2, 2, 2, 3, 2, 8, 3, 2, 6, 4, 2, 2, 2, 2, 4,
        2, 6, 2, 6, 6, 2, 4, 2, 2, 2, 5, 2, 2, 2, 3, 2, 6, 6, 2, 1, 2, 2, 2, 2,
        2, 3, 2, 2, 2, 2, 2, 2, 0, 2, 2, 2, 2, 3, 5, 2, 5, 2, 2, 2, 6, 6, 2, 3,
        2, 6, 5, 2, 2, 2, 8, 6, 2, 3, 2, 2, 4, 6, 6, 2, 2, 2, 2, 2, 2, 6, 2, 2,
        6, 2, 6, 2, 2, 6, 6, 2, 2, 2, 6, 6, 2, 6, 6, 4, 2, 6, 0, 2, 0, 5, 2, 2,
        2, 2, 0, 2, 2, 2, 6, 2, 4, 2, 2, 2, 2, 2, 2, 2, 3, 7, 2, 2, 2, 3, 2, 2,
        2, 2, 2, 2, 6, 5, 2, 3, 2, 2, 8, 0, 2, 8, 6, 4, 2, 2, 2, 2, 3, 7, 2, 2,
        2, 4, 2, 2, 2, 2, 2, 2, 6, 2, 2, 6, 2, 2, 5, 4, 2, 2, 8, 2, 2, 2, 2, 2,
        6, 2, 2, 2, 2, 2, 2, 2, 2, 3, 2, 2, 0, 2, 6, 2, 2, 0, 2, 2])
top1_accuracy: 63.8
top5_accuracy: 98.8
mean_probability: 0.507534658908844
1000it [01:27, 11.43it/s]
class400_result: tensor([3, 3, 2, 0, 5, 6, 4, 3, 3, 3, 5, 3, 3, 3, 3, 3, 3, 3, 2, 3, 3, 3, 6, 5,
        4, 3, 3, 3, 3, 2, 3, 3, 5, 3, 5, 3, 5, 5, 3, 3, 3, 6, 3, 5, 3, 2, 4, 3,
        3, 5, 3, 6, 5, 3, 3, 2, 3, 3, 3, 3, 3, 4, 4, 3, 3, 3, 3, 3, 4, 3, 3, 3,
        9, 3, 3, 5, 5, 3, 3, 3, 3, 6, 4, 3, 3, 3, 3, 5, 2, 3, 3, 3, 3, 3, 3, 9,
        3, 6, 3, 3, 6, 3, 5, 3, 9, 3, 0, 5, 3, 5, 3, 5, 3, 3, 3, 3, 4, 5, 3, 1,
        3, 3, 5, 3, 3, 7, 5, 3, 3, 1, 3, 3, 3, 5, 3, 3, 3, 3, 5, 0, 3, 3, 3, 5,
        4, 7, 3, 3, 3, 6, 3, 3, 4, 3, 3, 3, 3, 3, 2, 3, 2, 3, 2, 3, 3, 5, 3, 6,
        3, 2, 3, 5, 3, 3, 3, 3, 3, 3, 3, 2, 3, 6, 3, 3, 3, 3, 3, 3, 3, 3, 4, 3,
        7, 3, 3, 3, 5, 3, 0, 3, 3, 5, 3, 2, 3, 3, 3, 3, 3, 3, 3, 3, 5, 3, 3, 3,
        3, 3, 3, 3, 3, 3, 3, 9, 3, 6, 2, 3, 3, 2, 6, 0, 3, 6, 5, 3, 3, 3, 3, 3,
        3, 6, 4, 3, 5, 3, 3, 5, 3, 4, 6, 3, 3, 6, 3, 3, 8, 3, 4, 0, 3, 3, 3, 0,
        2, 3, 3, 3, 3, 3, 3, 3, 6, 3, 4, 3, 4, 3, 3, 6, 3, 2, 3, 6, 0, 6, 3, 3,
        6, 3, 3, 3, 4, 2, 3, 3, 3, 3, 4, 3, 6, 3, 3, 6, 3, 3, 3, 6, 3, 3, 3, 3,
        3, 3, 3, 3, 3, 3, 3, 2, 6, 8, 3, 6, 4, 3, 3, 3, 3, 3, 3, 3, 3, 3, 3, 2,
        3, 5, 5, 3, 3, 6, 3, 3, 3, 4, 3, 5, 3, 4, 3, 0, 3, 3, 3, 3, 7, 3, 5, 3,
        5, 4, 3, 3, 3, 0, 3, 6, 7, 3, 3, 3, 3, 3, 3, 3, 3, 9, 3, 3, 0, 3, 2, 3,
        3, 3, 3, 3, 5, 2, 3, 3, 3, 3, 3, 5, 3, 3, 3, 3, 6, 2, 3, 6, 3, 3, 6, 3,
        3, 3, 3, 3, 8, 6, 7, 3, 5, 3, 3, 3, 3, 3, 3, 3, 3, 8, 3, 3, 3, 2, 6, 3,
        3, 2, 3, 3, 5, 2, 3, 3, 3, 3, 6, 3, 3, 3, 3, 0, 6, 3, 9, 3, 3, 6, 6, 3,
        3, 3, 5, 3, 6, 3, 3, 2, 3, 4, 3, 3, 3, 3, 3, 3, 3, 3, 7, 3, 2, 5, 3, 3,
        3, 3, 3, 3, 3, 3, 3, 4, 0, 3, 3, 3, 3, 3, 3, 7, 5, 3, 5, 3])
top1_accuracy: 66.8
top5_accuracy: 95.4
mean_probability: 0.5148956418037415
1000it [01:27, 11.44it/s]
class400_result: tensor([6, 3, 4, 4, 4, 4, 4, 6, 6, 4, 4, 4, 4, 4, 4, 4, 4, 4, 4, 4, 4, 5, 2, 4,
        4, 4, 4, 4, 4, 4, 4, 2, 4, 4, 3, 4, 4, 4, 4, 4, 4, 4, 4, 4, 1, 4, 4, 4,
        4, 4, 4, 4, 4, 4, 4, 4, 3, 4, 4, 4, 4, 4, 7, 4, 3, 4, 4, 4, 4, 4, 4, 4,
        2, 3, 4, 4, 4, 4, 4, 4, 4, 4, 4, 8, 4, 5, 4, 4, 4, 4, 4, 4, 4, 4, 4, 3,
        4, 4, 4, 8, 4, 4, 4, 4, 7, 4, 4, 4, 4, 4, 4, 3, 6, 0, 4, 7, 4, 3, 4, 4,
        2, 3, 4, 4, 6, 4, 4, 4, 2, 4, 6, 4, 4, 4, 4, 4, 4, 4, 4, 2, 4, 4, 7, 4,
        4, 4, 4, 4, 3, 4, 4, 4, 4, 4, 4, 6, 4, 4, 4, 4, 4, 4, 4, 2, 4, 4, 4, 4,
        4, 4, 4, 2, 4, 3, 6, 4, 4, 4, 0, 4, 0, 4, 4, 4, 4, 2, 4, 2, 4, 4, 4, 4,
        2, 4, 4, 4, 4, 4, 3, 4, 4, 4, 4, 4, 3, 4, 4, 4, 4, 0, 4, 4, 4, 2, 4, 4,
        4, 3, 6, 4, 4, 4, 4, 4, 4, 8, 4, 4, 4, 4, 4, 4, 4, 4, 4, 4, 4, 3, 4, 4,
        4, 4, 6, 4, 7, 4, 4, 2, 4, 4, 6, 4, 4, 4, 7, 4, 4, 4, 4, 4, 2, 4, 4, 6,
        6, 3, 4, 4, 4, 4, 4, 6, 4, 4, 3, 3, 4, 4, 3, 4, 2, 4, 4, 4, 6, 4, 4, 4,
        4, 4, 4, 4, 4, 4, 4, 5, 4, 4, 4, 4, 4, 4, 4, 4, 4, 6, 4, 2, 4, 6, 4, 4,
        4, 4, 2, 4, 4, 3, 4, 7, 4, 4, 4, 2, 4, 4, 4, 4, 4, 4, 4, 6, 6, 4, 4, 2,
        3, 3, 7, 4, 4, 3, 7, 4, 4, 5, 4, 4, 4, 4, 4, 4, 4, 0, 4, 4, 4, 7, 4, 6,
        4, 4, 6, 4, 2, 4, 4, 4, 4, 2, 4, 4, 4, 4, 4, 4, 6, 3, 4, 4, 4, 4, 2, 4,
        4, 4, 2, 4, 4, 4, 4, 4, 4, 4, 4, 4, 4, 4, 6, 4, 4, 4, 0, 4, 4, 4, 6, 4,
        4, 4, 4, 3, 9, 4, 4, 4, 6, 6, 7, 4, 4, 4, 8, 4, 1, 4, 4, 4, 4, 6, 4, 4,
        4, 4, 4, 6, 1, 4, 4, 4, 4, 3, 2, 4, 4, 4, 4, 4, 4, 3, 4, 4, 4, 4, 4, 4,
        4, 4, 4, 4, 4, 4, 4, 4, 2, 4, 4, 4, 6, 4, 4, 4, 4, 4, 4, 0, 4, 4, 4, 4,
        4, 4, 4, 7, 4, 4, 4, 4, 4, 4, 5, 4, 4, 7, 9, 4, 4, 4, 4, 6])
top1_accuracy: 76.8
top5_accuracy: 97.8
mean_probability: 0.6061762571334839
1000it [01:27, 11.45it/s]
class400_result: tensor([5, 5, 5, 5, 3, 5, 3, 3, 5, 5, 5, 5, 5, 5, 3, 2, 5, 6, 5, 0, 6, 5, 5, 5,
        5, 5, 5, 5, 5, 8, 2, 4, 5, 3, 5, 5, 5, 3, 5, 5, 5, 4, 5, 4, 5, 5, 5, 5,
        2, 5, 4, 2, 5, 3, 5, 5, 5, 5, 6, 5, 6, 5, 3, 4, 5, 3, 3, 4, 5, 3, 3, 6,
        5, 5, 3, 5, 5, 3, 3, 5, 5, 5, 2, 2, 5, 5, 5, 7, 3, 5, 5, 3, 5, 3, 4, 5,
        5, 6, 5, 4, 2, 5, 5, 5, 5, 4, 5, 4, 7, 5, 5, 5, 5, 5, 5, 3, 3, 5, 5, 7,
        5, 3, 7, 5, 7, 3, 3, 3, 5, 3, 5, 5, 5, 3, 9, 6, 5, 5, 5, 6, 5, 5, 5, 5,
        3, 5, 3, 5, 5, 3, 2, 5, 4, 5, 5, 3, 5, 3, 5, 5, 8, 5, 5, 4, 5, 3, 3, 5,
        9, 6, 5, 5, 3, 5, 3, 3, 5, 5, 5, 3, 5, 5, 3, 3, 3, 5, 5, 3, 7, 5, 3, 3,
        3, 5, 9, 9, 4, 5, 5, 5, 5, 3, 5, 5, 2, 5, 5, 5, 3, 5, 5, 2, 6, 3, 3, 3,
        3, 5, 5, 5, 5, 5, 5, 3, 2, 7, 4, 3, 5, 3, 3, 5, 5, 3, 5, 5, 3, 5, 5, 5,
        5, 5, 5, 5, 9, 2, 5, 3, 3, 4, 3, 3, 6, 5, 5, 4, 5, 6, 2, 0, 3, 3, 5, 5,
        5, 4, 5, 3, 3, 5, 5, 5, 3, 3, 5, 5, 5, 5, 3, 7, 4, 2, 4, 2, 3, 3, 5, 3,
        4, 6, 3, 3, 5, 6, 0, 5, 5, 5, 5, 5, 5, 5, 5, 5, 5, 5, 3, 5, 4, 5, 7, 5,
        5, 4, 2, 5, 5, 5, 6, 5, 3, 3, 5, 5, 3, 3, 2, 2, 4, 2, 3, 7, 5, 4, 4, 3,
        5, 6, 5, 3, 4, 5, 3, 5, 7, 5, 5, 3, 5, 5, 5, 5, 3, 3, 0, 5, 3, 4, 5, 5,
        5, 4, 5, 3, 6, 3, 3, 6, 5, 6, 5, 5, 5, 5, 5, 4, 3, 5, 5, 5, 4, 5, 5, 0,
        6, 3, 5, 3, 0, 3, 5, 3, 5, 5, 2, 3, 3, 4, 5, 3, 6, 4, 5, 5, 5, 3, 3, 5,
        5, 2, 5, 6, 5, 5, 3, 3, 5, 4, 3, 3, 2, 5, 5, 3, 4, 3, 6, 5, 5, 3, 4, 3,
        5, 5, 6, 3, 3, 5, 8, 5, 3, 3, 3, 5, 5, 3, 5, 5, 5, 5, 5, 5, 3, 5, 4, 3,
        5, 3, 3, 5, 3, 4, 5, 5, 5, 5, 5, 5, 4, 3, 5, 3, 5, 6, 3, 5, 5, 3, 5, 4,
        5, 3, 5, 4, 5, 5, 5, 5, 5, 5, 5, 5, 6, 3, 5, 6, 5, 5, 5, 5])
top1_accuracy: 52.6
top5_accuracy: 93.8
mean_probability: 0.42512301206588743
1000it [01:27, 11.42it/s]
class400_result: tensor([6, 2, 6, 6, 6, 6, 6, 6, 3, 6, 6, 6, 6, 6, 6, 6, 6, 6, 6, 6, 6, 6, 6, 6,
        6, 6, 6, 6, 6, 2, 4, 6, 6, 6, 6, 6, 6, 6, 6, 6, 6, 2, 3, 6, 6, 6, 6, 6,
        6, 6, 6, 6, 6, 3, 6, 6, 6, 2, 6, 6, 6, 6, 6, 6, 6, 6, 6, 2, 0, 6, 3, 6,
        5, 6, 6, 6, 6, 6, 6, 6, 6, 6, 2, 6, 6, 6, 6, 6, 6, 6, 6, 4, 6, 6, 6, 5,
        6, 6, 6, 6, 6, 6, 6, 6, 6, 6, 6, 6, 6, 6, 6, 6, 2, 7, 6, 3, 6, 6, 6, 3,
        6, 6, 6, 6, 6, 6, 6, 6, 6, 6, 4, 6, 3, 3, 3, 6, 6, 6, 6, 6, 6, 6, 6, 6,
        6, 6, 6, 6, 6, 6, 6, 6, 6, 6, 6, 6, 6, 6, 6, 6, 6, 6, 6, 6, 6, 6, 6, 6,
        6, 6, 3, 6, 6, 6, 6, 3, 6, 6, 6, 6, 6, 6, 0, 6, 6, 6, 6, 6, 6, 6, 6, 6,
        6, 6, 6, 6, 6, 3, 6, 6, 6, 6, 6, 6, 6, 6, 6, 6, 6, 6, 6, 6, 6, 4, 6, 6,
        6, 6, 3, 6, 6, 6, 6, 6, 6, 6, 6, 3, 6, 6, 6, 6, 6, 3, 6, 6, 6, 6, 6, 6,
        6, 6, 6, 6, 6, 6, 4, 6, 6, 6, 9, 6, 6, 6, 6, 6, 6, 6, 6, 6, 6, 6, 6, 6,
        6, 6, 6, 6, 2, 6, 3, 6, 6, 6, 6, 6, 6, 6, 6, 6, 6, 6, 6, 6, 6, 6, 3, 6,
        6, 6, 6, 6, 6, 2, 6, 6, 6, 6, 6, 6, 6, 6, 6, 2, 6, 6, 6, 6, 3, 6, 3, 6,
        6, 6, 6, 6, 6, 6, 6, 6, 6, 6, 6, 6, 6, 6, 6, 6, 6, 6, 6, 3, 6, 2, 6, 4,
        6, 6, 6, 6, 6, 2, 6, 6, 6, 6, 6, 6, 6, 6, 6, 6, 6, 6, 6, 8, 2, 6, 6, 6,
        6, 6, 6, 6, 6, 4, 6, 6, 6, 6, 6, 5, 6, 6, 6, 6, 6, 5, 6, 6, 6, 6, 6, 6,
        6, 6, 6, 6, 6, 6, 6, 6, 6, 6, 6, 6, 6, 6, 6, 6, 6, 6, 2, 6, 6, 6, 6, 6,
        6, 6, 6, 6, 6, 6, 3, 6, 6, 6, 6, 6, 6, 6, 6, 6, 6, 6, 6, 6, 6, 6, 6, 6,
        6, 6, 6, 6, 6, 6, 6, 6, 6, 2, 6, 6, 6, 6, 6, 5, 6, 6, 6, 6, 6, 6, 3, 6,
        6, 6, 6, 6, 6, 6, 6, 6, 6, 6, 6, 2, 6, 6, 6, 6, 6, 6, 6, 6, 6, 6, 6, 6,
        6, 6, 5, 2, 6, 6, 6, 6, 6, 2, 6, 6, 2, 6, 6, 6, 6, 6, 2, 6])
top1_accuracy: 88.0
top5_accuracy: 99.4
mean_probability: 0.7298012018203736
1000it [01:27, 11.43it/s]
class400_result: tensor([7, 7, 7, 7, 3, 7, 7, 7, 7, 8, 4, 7, 7, 7, 7, 7, 0, 4, 6, 7, 7, 7, 4, 7,
        7, 7, 7, 6, 1, 4, 4, 7, 7, 7, 7, 7, 7, 4, 3, 7, 4, 3, 9, 6, 7, 7, 7, 4,
        4, 7, 4, 7, 0, 4, 7, 7, 4, 7, 3, 7, 7, 7, 7, 7, 7, 7, 5, 6, 4, 0, 5, 7,
        4, 7, 7, 0, 3, 2, 4, 7, 7, 2, 1, 7, 4, 2, 7, 7, 3, 7, 7, 3, 7, 7, 5, 0,
        7, 3, 7, 7, 3, 4, 4, 7, 7, 7, 6, 7, 7, 7, 7, 7, 7, 7, 4, 7, 7, 4, 3, 7,
        7, 7, 7, 7, 7, 7, 7, 7, 7, 7, 4, 7, 7, 7, 7, 4, 7, 4, 4, 2, 7, 3, 5, 1,
        7, 3, 7, 7, 7, 0, 7, 2, 7, 7, 7, 7, 7, 0, 7, 7, 7, 3, 7, 4, 7, 7, 8, 7,
        2, 7, 4, 4, 2, 7, 5, 7, 7, 4, 7, 3, 4, 7, 9, 3, 4, 2, 7, 0, 7, 6, 2, 3,
        7, 7, 7, 5, 4, 7, 3, 7, 2, 1, 7, 7, 6, 3, 2, 7, 7, 7, 2, 7, 7, 7, 7, 7,
        7, 7, 7, 7, 7, 7, 3, 7, 7, 8, 7, 7, 4, 7, 7, 2, 6, 4, 7, 7, 6, 7, 7, 7,
        7, 7, 4, 7, 7, 7, 5, 7, 7, 0, 7, 7, 7, 7, 3, 7, 3, 7, 7, 2, 7, 7, 7, 7,
        7, 7, 4, 7, 7, 5, 0, 0, 7, 2, 7, 7, 7, 7, 7, 7, 7, 7, 7, 3, 7, 3, 3, 0,
        7, 7, 7, 7, 7, 7, 7, 7, 7, 7, 7, 7, 7, 6, 7, 7, 3, 7, 4, 7, 7, 4, 7, 7,
        7, 7, 7, 7, 7, 5, 6, 7, 7, 4, 7, 7, 7, 7, 7, 7, 7, 4, 3, 7, 7, 4, 7, 7,
        7, 5, 7, 3, 7, 4, 4, 7, 7, 7, 7, 7, 7, 5, 7, 9, 7, 6, 7, 7, 7, 7, 7, 7,
        4, 7, 7, 7, 5, 7, 7, 3, 7, 7, 4, 7, 4, 7, 7, 7, 7, 7, 7, 4, 7, 7, 7, 4,
        7, 7, 2, 6, 7, 7, 7, 0, 7, 7, 7, 0, 5, 7, 7, 7, 4, 7, 3, 7, 7, 7, 7, 7,
        7, 7, 7, 7, 5, 7, 7, 7, 7, 3, 4, 4, 4, 7, 2, 7, 4, 7, 4, 7, 7, 4, 7, 7,
        3, 7, 7, 7, 4, 2, 7, 0, 4, 4, 7, 7, 7, 4, 7, 7, 6, 4, 7, 1, 7, 4, 0, 4,
        7, 7, 3, 4, 4, 7, 2, 3, 0, 4, 7, 7, 7, 7, 7, 3, 3, 7, 7, 4, 7, 7, 7, 8,
        7, 7, 7, 7, 7, 7, 7, 4, 7, 7, 7, 7, 4, 0, 7, 7, 2, 7, 7, 7])
top1_accuracy: 64.0
top5_accuracy: 88.6
mean_probability: 0.5324053645133973
1000it [01:28, 11.33it/s]
class400_result: tensor([8, 8, 8, 8, 8, 8, 8, 8, 8, 8, 8, 1, 8, 6, 8, 8, 8, 8, 8, 8, 8, 8, 8, 8,
        9, 0, 8, 8, 8, 8, 8, 5, 8, 8, 8, 8, 8, 3, 8, 8, 8, 8, 8, 8, 0, 8, 8, 2,
        8, 8, 8, 8, 8, 8, 8, 8, 8, 8, 8, 8, 8, 8, 8, 0, 8, 8, 8, 8, 8, 8, 8, 8,
        0, 8, 8, 8, 8, 0, 8, 8, 8, 5, 8, 8, 8, 8, 8, 8, 8, 8, 8, 8, 0, 8, 9, 8,
        8, 8, 8, 5, 8, 8, 8, 8, 8, 8, 8, 8, 8, 8, 8, 8, 3, 8, 8, 8, 8, 8, 8, 4,
        8, 8, 0, 0, 8, 8, 8, 9, 9, 8, 8, 8, 8, 8, 8, 8, 8, 8, 0, 8, 5, 8, 8, 0,
        8, 0, 8, 8, 3, 8, 8, 8, 8, 8, 8, 8, 0, 9, 8, 8, 0, 8, 8, 8, 8, 8, 8, 8,
        8, 1, 4, 8, 8, 1, 8, 8, 8, 8, 8, 8, 8, 8, 8, 8, 8, 8, 8, 8, 8, 8, 8, 8,
        1, 8, 8, 8, 8, 1, 8, 8, 8, 0, 8, 8, 8, 8, 8, 8, 8, 8, 8, 8, 8, 8, 8, 0,
        8, 0, 8, 5, 8, 8, 9, 8, 1, 8, 0, 8, 0, 0, 8, 8, 8, 8, 8, 8, 0, 8, 8, 9,
        8, 8, 8, 8, 8, 8, 8, 8, 8, 8, 3, 8, 5, 8, 8, 8, 8, 8, 8, 8, 8, 8, 8, 2,
        0, 8, 8, 6, 8, 8, 0, 8, 8, 8, 8, 9, 8, 0, 8, 8, 8, 8, 8, 8, 8, 8, 8, 8,
        8, 8, 0, 8, 8, 1, 8, 8, 8, 8, 8, 8, 8, 8, 8, 8, 4, 8, 6, 8, 8, 8, 8, 8,
        3, 8, 8, 8, 0, 9, 8, 8, 8, 0, 8, 9, 8, 8, 8, 0, 0, 8, 8, 8, 0, 8, 0, 8,
        8, 8, 8, 8, 8, 0, 8, 8, 0, 8, 8, 0, 8, 8, 8, 8, 8, 8, 3, 8, 8, 8, 8, 8,
        9, 8, 8, 8, 4, 8, 8, 8, 8, 8, 8, 3, 8, 8, 8, 1, 8, 6, 5, 8, 8, 3, 8, 8,
        8, 8, 0, 8, 8, 0, 8, 8, 8, 8, 8, 8, 8, 8, 0, 8, 8, 8, 8, 8, 8, 8, 8, 8,
        8, 3, 8, 8, 8, 8, 8, 0, 8, 8, 0, 8, 8, 8, 8, 8, 8, 8, 8, 8, 8, 8, 8, 8,
        8, 1, 8, 8, 8, 1, 0, 8, 4, 8, 8, 0, 8, 8, 8, 8, 8, 8, 8, 0, 8, 8, 8, 8,
        8, 8, 8, 8, 8, 8, 8, 8, 8, 8, 0, 8, 8, 8, 8, 6, 8, 8, 8, 8, 8, 8, 8, 8,
        8, 8, 8, 8, 8, 8, 8, 8, 8, 8, 8, 8, 8, 8, 3, 8, 8, 8, 8, 8])
top1_accuracy: 81.6
top5_accuracy: 96.8
mean_probability: 0.6770883917808532
1000it [01:27, 11.42it/s]
class400_result: tensor([9, 9, 9, 9, 3, 2, 1, 9, 9, 3, 9, 9, 9, 9, 8, 9, 9, 9, 9, 9, 4, 9, 9, 9,
        3, 9, 1, 9, 9, 9, 9, 9, 9, 9, 9, 3, 9, 9, 9, 9, 9, 8, 9, 1, 9, 9, 1, 9,
        9, 9, 9, 9, 9, 9, 9, 9, 9, 9, 9, 9, 9, 9, 9, 6, 6, 6, 8, 9, 1, 9, 9, 9,
        9, 9, 9, 9, 9, 0, 9, 9, 9, 0, 9, 9, 9, 9, 9, 9, 1, 9, 9, 9, 8, 9, 3, 9,
        9, 1, 9, 1, 9, 9, 9, 1, 3, 9, 9, 1, 9, 9, 7, 9, 9, 0, 1, 9, 9, 1, 9, 0,
        9, 6, 9, 9, 9, 9, 9, 9, 9, 9, 9, 3, 9, 9, 9, 9, 9, 9, 9, 9, 9, 9, 9, 1,
        9, 9, 9, 9, 3, 9, 9, 9, 9, 9, 0, 8, 9, 9, 1, 9, 9, 9, 9, 0, 9, 9, 8, 9,
        9, 9, 9, 9, 9, 9, 9, 9, 9, 8, 2, 6, 1, 9, 9, 9, 9, 9, 1, 9, 9, 9, 9, 9,
        9, 9, 1, 9, 0, 9, 8, 9, 9, 9, 9, 1, 9, 9, 8, 9, 9, 8, 9, 9, 8, 9, 9, 9,
        9, 8, 9, 9, 9, 9, 9, 9, 9, 9, 1, 9, 9, 9, 9, 9, 9, 9, 9, 9, 9, 9, 9, 9,
        1, 9, 9, 9, 9, 3, 9, 9, 9, 1, 9, 9, 9, 9, 0, 9, 9, 8, 9, 9, 9, 1, 9, 9,
        9, 9, 9, 2, 9, 9, 9, 9, 3, 8, 0, 9, 9, 8, 9, 9, 3, 3, 9, 9, 4, 2, 9, 9,
        4, 5, 9, 9, 9, 6, 1, 9, 9, 9, 9, 9, 9, 9, 9, 9, 9, 9, 0, 9, 2, 9, 9, 0,
        9, 9, 9, 9, 1, 1, 9, 9, 3, 9, 9, 9, 6, 9, 9, 9, 1, 9, 9, 8, 9, 9, 9, 9,
        9, 9, 9, 9, 8, 1, 9, 9, 9, 9, 9, 9, 8, 9, 9, 0, 7, 9, 9, 9, 9, 9, 9, 9,
        1, 9, 9, 8, 9, 9, 9, 9, 9, 9, 9, 9, 9, 9, 1, 9, 9, 9, 9, 9, 9, 9, 9, 9,
        9, 9, 5, 9, 9, 9, 9, 9, 1, 9, 9, 9, 9, 9, 9, 9, 9, 9, 9, 9, 9, 9, 9, 9,
        1, 9, 1, 9, 1, 9, 6, 4, 9, 0, 9, 9, 9, 1, 9, 9, 8, 1, 1, 9, 9, 1, 0, 9,
        9, 0, 9, 9, 9, 9, 9, 9, 9, 9, 9, 3, 9, 9, 3, 9, 1, 9, 8, 9, 9, 9, 6, 9,
        9, 9, 9, 9, 9, 9, 9, 8, 9, 0, 7, 9, 9, 9, 0, 9, 9, 9, 9, 9, 9, 9, 8, 9,
        9, 9, 1, 2, 6, 9, 1, 9, 6, 9, 9, 9, 9, 9, 3, 2, 9, 9, 9, 6])
top1_accuracy: 75.2
top5_accuracy: 93.0
mean_probability: 0.604599905014038
======================================================================
top1_accuracy: 71.56000000000002
top5_accuracy: 95.28
mean_probability: 0.578434784412384