Creating feature extractor "inception-v3-compat" with features ['2048']
Extracting statistics from input 1
Looking for samples non-recursivelty in "../../datasets/Generated/EmptyCIFAR10/class00" with extensions png,jpg,jpeg
Found 10000 samples, some are lossy-compressed - this may affect metrics
Processing samples
Extracting statistics from input 2
Looking for samples non-recursivelty in "../../datasets/Generated/BaseCIFAR10/class00" with extensions png,jpg,jpeg
Found 10000 samples, some are lossy-compressed - this may affect metrics
Processing samples
Frechet Inception Distance: 67.85036934408168
Creating feature extractor "inception-v3-compat" with features ['2048']
class00 generated fid: 67.85036934408168
Extracting statistics from input 1
Looking for samples non-recursivelty in "../../datasets/Generated/EmptyCIFAR10/class01" with extensions png,jpg,jpeg
Found 10000 samples, some are lossy-compressed - this may affect metrics
Processing samples
Extracting statistics from input 2
Looking for samples non-recursivelty in "../../datasets/Generated/BaseCIFAR10/class01" with extensions png,jpg,jpeg
Found 10000 samples, some are lossy-compressed - this may affect metrics
Processing samples
Frechet Inception Distance: 85.5069564786404
Creating feature extractor "inception-v3-compat" with features ['2048']
class01 generated fid: 85.5069564786404
Extracting statistics from input 1
Looking for samples non-recursivelty in "../../datasets/Generated/EmptyCIFAR10/class02" with extensions png,jpg,jpeg
Found 10000 samples, some are lossy-compressed - this may affect metrics
Processing samples
Extracting statistics from input 2
Looking for samples non-recursivelty in "../../datasets/Generated/BaseCIFAR10/class02" with extensions png,jpg,jpeg
Found 10000 samples, some are lossy-compressed - this may affect metrics
Processing samples
Frechet Inception Distance: 48.5857852528992
Creating feature extractor "inception-v3-compat" with features ['2048']
class02 generated fid: 48.5857852528992
Extracting statistics from input 1
Looking for samples non-recursivelty in "../../datasets/Generated/EmptyCIFAR10/class03" with extensions png,jpg,jpeg
Found 10000 samples, some are lossy-compressed - this may affect metrics
Processing samples
Extracting statistics from input 2
Looking for samples non-recursivelty in "../../datasets/Generated/BaseCIFAR10/class03" with extensions png,jpg,jpeg
Found 10000 samples, some are lossy-compressed - this may affect metrics
Processing samples
Frechet Inception Distance: 50.94304528219868
Creating feature extractor "inception-v3-compat" with features ['2048']
class03 generated fid: 50.94304528219868
Extracting statistics from input 1
Looking for samples non-recursivelty in "../../datasets/Generated/EmptyCIFAR10/class04" with extensions png,jpg,jpeg
Found 10000 samples, some are lossy-compressed - this may affect metrics
Processing samples
Extracting statistics from input 2
Looking for samples non-recursivelty in "../../datasets/Generated/BaseCIFAR10/class04" with extensions png,jpg,jpeg
Found 10000 samples, some are lossy-compressed - this may affect metrics
Processing samples
Frechet Inception Distance: 49.24588398717765
class04 generated fid: 49.24588398717765
Creating feature extractor "inception-v3-compat" with features ['2048']
Extracting statistics from input 1
Looking for samples non-recursivelty in "../../datasets/Generated/EmptyCIFAR10/class05" with extensions png,jpg,jpeg
Found 10000 samples, some are lossy-compressed - this may affect metrics
Processing samples
Extracting statistics from input 2
Looking for samples non-recursivelty in "../../datasets/Generated/BaseCIFAR10/class05" with extensions png,jpg,jpeg
Found 10000 samples, some are lossy-compressed - this may affect metrics
Processing samples
Frechet Inception Distance: 69.77286538996844
Creating feature extractor "inception-v3-compat" with features ['2048']
class05 generated fid: 69.77286538996844
Extracting statistics from input 1
Looking for samples non-recursivelty in "../../datasets/Generated/EmptyCIFAR10/class06" with extensions png,jpg,jpeg
Found 10000 samples, some are lossy-compressed - this may affect metrics
Processing samples
Extracting statistics from input 2
Looking for samples non-recursivelty in "../../datasets/Generated/BaseCIFAR10/class06" with extensions png,jpg,jpeg
Found 10000 samples, some are lossy-compressed - this may affect metrics
Processing samples
Frechet Inception Distance: 82.99273197967989
Creating feature extractor "inception-v3-compat" with features ['2048']
class06 generated fid: 82.99273197967989
Extracting statistics from input 1
Looking for samples non-recursivelty in "../../datasets/Generated/EmptyCIFAR10/class07" with extensions png,jpg,jpeg
Found 10000 samples, some are lossy-compressed - this may affect metrics
Processing samples
Extracting statistics from input 2
Looking for samples non-recursivelty in "../../datasets/Generated/BaseCIFAR10/class07" with extensions png,jpg,jpeg
Found 10000 samples, some are lossy-compressed - this may affect metrics
Processing samples
class07 generated fid: 68.7899813701901
Frechet Inception Distance: 68.7899813701901
Creating feature extractor "inception-v3-compat" with features ['2048']
Extracting statistics from input 1
Looking for samples non-recursivelty in "../../datasets/Generated/EmptyCIFAR10/class08" with extensions png,jpg,jpeg
Found 10000 samples, some are lossy-compressed - this may affect metrics
Processing samples
Extracting statistics from input 2
Looking for samples non-recursivelty in "../../datasets/Generated/BaseCIFAR10/class08" with extensions png,jpg,jpeg
Found 10000 samples, some are lossy-compressed - this may affect metrics
Processing samples
Frechet Inception Distance: 88.37530114830736
Creating feature extractor "inception-v3-compat" with features ['2048']
class08 generated fid: 88.37530114830736
Extracting statistics from input 1
Looking for samples non-recursivelty in "../../datasets/Generated/EmptyCIFAR10/class09" with extensions png,jpg,jpeg
Found 10000 samples, some are lossy-compressed - this may affect metrics
Processing samples
Extracting statistics from input 2
Looking for samples non-recursivelty in "../../datasets/Generated/BaseCIFAR10/class09" with extensions png,jpg,jpeg
Found 10000 samples, some are lossy-compressed - this may affect metrics
Processing samples
Frechet Inception Distance: 89.11626699659479
class09 generated fid: 89.11626699659479
========================================================================
final result: 70.11791872297383